[16:17:04] [main/INFO]: Using mbed TLS based native cipher.
[16:17:04] [main/INFO]: Using zlib based native compressor.
[16:17:04] [main/INFO]: Enabled Waterfall version git:Waterfall-Bootstrap:1.21-R0.1-SNAPSHOT:de8345a:579
[16:17:04] [main/WARN]: Waterfall has reached end of life and is no longer maintained. We recommend you transition to Velocity (https://papermc.io/software/velocity). For more information, see the announcement (https://forums.papermc.io/threads/1088/).
[16:17:04] [main/INFO]: Not on Windows, attempting to use enhanced EpollEventLoop
[16:17:04] [main/INFO]: Epoll is working, utilising it!
[16:17:04] [main/INFO]: Discovered module: ModuleSpec(name=cmd_alert, file=modules/cmd_alert.jar, provider=JenkinsModuleSource())
[16:17:04] [main/INFO]: Discovered module: ModuleSpec(name=cmd_find, file=modules/cmd_find.jar, provider=JenkinsModuleSource())
[16:17:04] [main/INFO]: Discovered module: ModuleSpec(name=cmd_list, file=modules/cmd_list.jar, provider=JenkinsModuleSource())
[16:17:04] [main/INFO]: Discovered module: ModuleSpec(name=cmd_send, file=modules/cmd_send.jar, provider=JenkinsModuleSource())
[16:17:04] [main/INFO]: Discovered module: ModuleSpec(name=cmd_server, file=modules/cmd_server.jar, provider=JenkinsModuleSource())
[16:17:04] [main/INFO]: Discovered module: ModuleSpec(name=reconnect_yaml, file=modules/reconnect_yaml.jar, provider=JenkinsModuleSource())
[16:17:04] [main/INFO]: Loaded plugin reconnect_yaml version git:reconnect_yaml:1.21-R0.1-SNAPSHOT:de8345a:579 by WaterfallMC
[16:17:04] [main/INFO]: Loaded plugin cmd_find version git:cmd_find:1.21-R0.1-SNAPSHOT:de8345a:579 by WaterfallMC
[16:17:04] [main/INFO]: Loaded plugin cmd_server version git:cmd_server:1.21-R0.1-SNAPSHOT:de8345a:579 by WaterfallMC
[16:17:04] [main/INFO]: Loaded plugin cmd_alert version git:cmd_alert:1.21-R0.1-SNAPSHOT:de8345a:579 by WaterfallMC
[16:17:04] [main/INFO]: Loaded plugin cmd_send version git:cmd_send:1.21-R0.1-SNAPSHOT:de8345a:579 by WaterfallMC
[16:17:04] [main/INFO]: Loaded plugin cmd_list version git:cmd_list:1.21-R0.1-SNAPSHOT:de8345a:579 by WaterfallMC
[16:17:04] [main/WARN]: :>:>:>:>:>:>:>:>:>:>:>:>:>:>:>:>:>:>:>:>:>:>:>
[16:17:04] [main/WARN]: :>  
[16:17:04] [main/WARN]: :>      EAGLERCRAFTXBUNGEE WARNING:
[16:17:04] [main/WARN]: :>  
[16:17:04] [main/WARN]: :>  This plugin wasn't tested to be 'working'
[16:17:04] [main/WARN]: :>  with ANY version of BungeeCord (and forks)
[16:17:04] [main/WARN]: :>  apart from the versions listed below:
[16:17:04] [main/WARN]: :>  
[16:17:04] [main/WARN]: :>  - BungeeCord: 1.21-R0.1-SNAPSHOT:acb85e3:1871
[16:17:04] [main/WARN]: :>  - Waterfall: 1.21-R0.1-SNAPSHOT:de8345a:579
[16:17:04] [main/WARN]: :>  
[16:17:04] [main/WARN]: :>  This is not a Bukkit/Spigot plugin!
[16:17:04] [main/WARN]: :>  
[16:17:04] [main/WARN]: :>  Use "-Deaglerxbungee.stfu=true" to hide
[16:17:04] [main/WARN]: :>  
[16:17:04] [main/WARN]: :>:>:>:>:>:>:>:>:>:>:>:>:>:>:>:>:>:>:>:>:>:>:>
[16:17:05] [main/INFO] [EaglercraftXBungee]: Loading vanilla profile: lax1dude
[16:17:08] [Skin Download Thread #1/INFO] [EaglercraftXBungee]: Loaded vanilla profile: lax1dude
[16:17:08] [main/INFO]: Loaded plugin EaglercraftXBungee version 1.3.1 by lax1dude
[16:17:08] [main/WARN]: Forced host server pvp is not defined
[16:17:08] [main/INFO]: Enabled plugin reconnect_yaml version git:reconnect_yaml:1.21-R0.1-SNAPSHOT:de8345a:579 by WaterfallMC
[16:17:08] [main/INFO]: Enabled plugin cmd_find version git:cmd_find:1.21-R0.1-SNAPSHOT:de8345a:579 by WaterfallMC
[16:17:08] [main/INFO]: Enabled plugin cmd_server version git:cmd_server:1.21-R0.1-SNAPSHOT:de8345a:579 by WaterfallMC
[16:17:08] [main/INFO]: Enabled plugin cmd_alert version git:cmd_alert:1.21-R0.1-SNAPSHOT:de8345a:579 by WaterfallMC
[16:17:08] [main/INFO]: Enabled plugin cmd_send version git:cmd_send:1.21-R0.1-SNAPSHOT:de8345a:579 by WaterfallMC
[16:17:08] [main/INFO]: Enabled plugin cmd_list version git:cmd_list:1.21-R0.1-SNAPSHOT:de8345a:579 by WaterfallMC
[16:17:08] [main/ERROR] [EaglercraftXBungee]: Online mode is set to false! Authentication system has been disabled
[16:17:09] [Netty Boss IO Thread #0/INFO] [EaglercraftXBungee]: Eaglercraft is listening on: /0.0.0.0:8081
[16:17:09] [main/INFO] [EaglercraftXBungee]: Connected to database: jdbc:sqlite:eaglercraft_skins_cache.db
[16:17:09] [main/INFO] [EaglercraftXBungee]: Voice chat disabled, add "allow_voice: true" to your listeners to enable
[16:17:09] [main/INFO]: Enabled plugin EaglercraftXBungee version 1.3.1 by lax1dude
[16:17:09] [Netty Boss IO Thread #1/INFO]: Listening on /127.0.0.1:25577
[16:18:59] [Netty Worker IO Thread #1/INFO] [EaglercraftXBungee]: [/[0:0:0:0:0:0:0:1%0]:56240]: Connected via websocket
[16:18:59] [Netty Worker IO Thread #1/INFO] [EaglercraftXBungee]: [/[0:0:0:0:0:0:0:1%0]:56240]: Origin header is https://eaglercraft.q13x.com
[16:18:59] [Netty Worker IO Thread #1/INFO] [EaglercraftXBungee]: [/[0:0:0:0:0:0:0:1%0]:56240]: Logged in as 'Trainboy888'
[16:18:59] [Netty Worker IO Thread #1/INFO]: [/[0:0:0:0:0:0:0:1%0]:56240|Trainboy888] -> UpstreamBridge has connected
[16:18:59] [Netty Worker IO Thread #1/INFO]: [Trainboy888|/[0:0:0:0:0:0:0:1%0]:56240] <-> ServerConnector [lobby] has connected
[16:20:07] [Netty Worker IO Thread #1/WARN]: [/[0:0:0:0:0:0:0:1%0]:56240|Trainboy888] <-> DownstreamBridge <-> [lobby] - NativeIoException: recvAddress(..) failed: Connection reset by peer
[16:20:07] [Netty Worker IO Thread #1/INFO]: [Trainboy888] disconnected with: The server you were previously on went down, you have been connected to a fallback server
[16:20:07] [Netty Worker IO Thread #1/INFO]: [/[0:0:0:0:0:0:0:1%0]:56240|Trainboy888] -> UpstreamBridge has disconnected
[16:20:07] [Netty Worker IO Thread #1/INFO]: [/[0:0:0:0:0:0:0:1%0]:56240|Trainboy888] <-> DownstreamBridge <-> [lobby] has disconnected
[16:20:50] [Netty Worker IO Thread #2/WARN] [EaglercraftXBungee]: Server icon is not a file: /workspaces/eaglercraft-server-template/bungee/server-icon.png
[16:20:52] [Netty Worker IO Thread #3/INFO] [EaglercraftXBungee]: [/[0:0:0:0:0:0:0:1%0]:36894]: Connected via websocket
[16:20:52] [Netty Worker IO Thread #3/INFO] [EaglercraftXBungee]: [/[0:0:0:0:0:0:0:1%0]:36894]: Origin header is https://eaglercraft.q13x.com
[16:20:52] [Netty Worker IO Thread #3/INFO] [EaglercraftXBungee]: [/[0:0:0:0:0:0:0:1%0]:36894]: Logged in as 'Trainboy888'
[16:20:52] [Netty Worker IO Thread #3/INFO]: [/[0:0:0:0:0:0:0:1%0]:36894|Trainboy888] -> UpstreamBridge has connected
[16:20:52] [Netty Worker IO Thread #3/INFO]: [Trainboy888|/[0:0:0:0:0:0:0:1%0]:36894] <-> ServerConnector [lobby] has connected
[16:22:07] [Netty Worker IO Thread #3/INFO]: [/[0:0:0:0:0:0:0:1%0]:36894|Trainboy888] -> UpstreamBridge has disconnected
[16:22:07] [Netty Worker IO Thread #3/INFO]: [Trainboy888] disconnected with: Proxy lost connection to server.
[16:22:07] [Netty Worker IO Thread #3/INFO]: [/[0:0:0:0:0:0:0:1%0]:36894|Trainboy888] <-> DownstreamBridge <-> [lobby] has disconnected
