(2025-04-23 20:17:30) TrainBoy888 was flagged [Check: FlightA (Acceleration)] [Violations: 1/40] [TPS: 20.00] [Ping: 69ms (high stability)] [Client: Unknown] [Location: world -1.66 77.21 -22.51]
(2025-04-23 20:17:31) TrainBoy888 was flagged [Check: FlightA (Acceleration)] [Violations: 24/40] [TPS: 20.00] [Ping: 69ms (high stability)] [Client: Unknown] [Location: world -5.14 79.26 -29.38]
(2025-04-23 20:17:32) TrainBoy888 was punished [Check: FlightA (Acceleration)] [Violations: 40/40] [TPS: 19.99]  [Ping: 69ms (high stability)] [Client: Unknown] [Location: world -8.17 79.26 -33.80]
(2025-04-23 20:18:50) TrainBoy888 was flagged [Check: FlightB (Height)] [Violations: 1/40] [TPS: 19.97] [Ping: 0ms (high stability)] [Client: Unknown] [Location: world -8.17 71.45 -33.80]
(2025-04-23 20:18:51) TrainBoy888 was flagged [Check: FlightB (Height)] [Violations: 20/40] [TPS: 19.97] [Ping: 0ms (high stability)] [Client: Unknown] [Location: world -4.59 71.78 -32.62]
(2025-04-23 20:18:52) TrainBoy888 was flagged [Check: FlightB (Height)] [Violations: 35/40] [TPS: 19.97] [Ping: 31ms (high stability)] [Client: Unknown] [Location: world -2.91 71.78 -32.06]
(2025-04-23 20:18:55) TrainBoy888 was punished [Check: FlightB (Height)] [Violations: 40/40] [TPS: 20.00]  [Ping: 52ms (high stability)] [Client: Unknown] [Location: world -2.61 71.78 -31.97]
(2025-04-23 20:18:55) TrainBoy888 was flagged [Check: FlightB (Height)] [Violations: 39/40] [TPS: 20.00] [Ping: 52ms (high stability)] [Client: Unknown] [Location: world -2.61 71.78 -31.97]
(2025-04-23 20:19:33) Test was flagged [Check: FlightB (Height)] [Violations: 1/40] [TPS: 20.00] [Ping: 0ms (high stability)] [Client: Unknown] [Location: world 5.50 70.86 -38.50]
(2025-04-23 20:19:34) Test was flagged [Check: FlightA (Acceleration)] [Violations: 14/40] [TPS: 19.97] [Ping: 0ms (high stability)] [Client: Unknown] [Location: world 2.87 73.29 -39.00]
(2025-04-23 20:19:35) Test was punished [Check: FlightB (Height)] [Violations: 40/40] [TPS: 19.97]  [Ping: 0ms (high stability)] [Client: Unknown] [Location: world 1.66 73.29 -39.26]
(2025-04-23 20:20:01) Test was flagged [Check: FlightB (Height)] [Violations: 1/40] [TPS: 20.00] [Ping: 0ms (high stability)] [Client: Unknown] [Location: world 1.66 71.19 -39.91]
(2025-04-23 20:20:02) Test was flagged [Check: FlightB (Height)] [Violations: 24/40] [TPS: 20.00] [Ping: 0ms (high stability)] [Client: Unknown] [Location: world 0.83 72.49 -39.29]
(2025-04-23 20:20:03) Test was punished [Check: FlightB (Height)] [Violations: 40/40] [TPS: 20.00]  [Ping: 0ms (high stability)] [Client: Unknown] [Location: world -0.35 72.49 -37.65]
(2025-04-23 20:20:08) Test was flagged [Check: FlightB (Height)] [Violations: 1/40] [TPS: 20.00] [Ping: 0ms (high stability)] [Client: Unknown] [Location: world -0.35 69.61 -37.65]
(2025-04-23 20:20:10) Test was flagged [Check: FlightA (Acceleration)] [Violations: 12/40] [TPS: 20.00] [Ping: 0ms (high stability)] [Client: Unknown] [Location: world -1.60 71.25 -36.86]
(2025-04-23 20:20:11) Test was flagged [Check: FlightA (Acceleration)] [Violations: 15/40] [TPS: 20.00] [Ping: 45ms (high stability)] [Client: Unknown] [Location: world -1.68 73.33 -36.82]
(2025-04-23 20:20:12) Test was flagged [Check: FlightA (Acceleration)] [Violations: 28/40] [TPS: 20.00] [Ping: 45ms (high stability)] [Client: Unknown] [Location: world -1.68 74.97 -36.82]
(2025-04-23 20:20:13) Test was punished [Check: FlightB (Height)] [Violations: 40/40] [TPS: 20.00]  [Ping: 45ms (high stability)] [Client: Unknown] [Location: world -2.40 74.99 -36.58]
(2025-04-23 20:21:14) Test was flagged [Check: FlightB (Height)] [Violations: 1/40] [TPS: 20.00] [Ping: 0ms (high stability)] [Client: Unknown] [Location: world -2.40 70.86 -36.58]
(2025-04-23 20:21:15) Test was flagged [Check: FlightB (Height)] [Violations: 24/40] [TPS: 20.00] [Ping: 0ms (high stability)] [Client: Unknown] [Location: world -3.10 74.79 -33.73]
(2025-04-23 20:21:16) Test was punished [Check: FlightB (Height)] [Violations: 40/40] [TPS: 20.00]  [Ping: 0ms (high stability)] [Client: Unknown] [Location: world -2.02 76.87 -31.58]
(2025-04-23 20:22:51) Test was flagged [Check: FlightB (Height)] [Violations: 1/40] [TPS: 20.00] [Ping: 0ms (high stability)] [Client: Unknown] [Location: world -2.02 71.23 -31.58]
(2025-04-23 20:22:52) Test was flagged [Check: FlightA (Acceleration)] [Violations: 15/40] [TPS: 20.00] [Ping: 0ms (high stability)] [Client: Unknown] [Location: world 1.66 75.77 -30.49]
(2025-04-23 20:22:53) Test was punished [Check: FlightB (Height)] [Violations: 40/40] [TPS: 20.00]  [Ping: 18ms (high stability)] [Client: Unknown] [Location: world 6.15 80.37 -27.12]
(2025-04-23 20:25:47) Test was flagged [Check: FlightA (Acceleration)] [Violations: 1/40] [TPS: 20.00] [Ping: 0ms (high stability)] [Client: Unknown] [Location: world 6.15 76.54 -27.12]
(2025-04-23 20:25:48) Test was flagged [Check: FlightA (Acceleration)] [Violations: 14/40] [TPS: 20.00] [Ping: 0ms (high stability)] [Client: Unknown] [Location: world 6.48 84.03 -27.30]
(2025-04-23 20:25:49) Test was flagged [Check: FlightA (Acceleration)] [Violations: 36/40] [TPS: 20.00] [Ping: 0ms (high stability)] [Client: Unknown] [Location: world 2.27 89.43 -26.37]
(2025-04-23 20:25:49) Test was punished [Check: FlightA (Acceleration)] [Violations: 40/40] [TPS: 20.00]  [Ping: 18ms (high stability)] [Client: Unknown] [Location: world -0.90 89.46 -25.89]
(2025-04-23 20:26:32) Test was flagged [Check: FlightB (Height)] [Violations: 1/40] [TPS: 20.00] [Ping: 0ms (high stability)] [Client: Unknown] [Location: world -1.04 92.69 -25.88]
(2025-04-23 20:26:33) Test was flagged [Check: FlightA (Acceleration)] [Violations: 8/40] [TPS: 20.00] [Ping: 0ms (high stability)] [Client: Unknown] [Location: world -6.01 100.19 -28.15]
(2025-04-23 20:26:34) Test was flagged [Check: FlightA (Acceleration)] [Violations: 26/40] [TPS: 20.00] [Ping: 0ms (high stability)] [Client: Unknown] [Location: world -4.34 102.24 -33.25]
(2025-04-23 20:26:34) Test was flagged [Check: FlightB (Height)] [Violations: 1/40] [TPS: 20.00] [Ping: 0ms (high stability)] [Client: Unknown] [Location: world -4.41 102.24 -34.09]
(2025-04-23 20:26:34) Test was punished [Check: FlightB (Height)] [Violations: 40/40] [TPS: 20.00]  [Ping: 0ms (high stability)] [Client: Unknown] [Location: world -4.41 102.24 -34.09]
(2025-04-23 20:27:18) Test was flagged [Check: FlightB (Height)] [Violations: 2/40] [TPS: 20.00] [Ping: 18ms (high stability)] [Client: Unknown] [Location: world 3.16 69.14 -34.66]
(2025-04-23 20:27:21) Test was flagged [Check: FlightB (Height)] [Violations: 10/40] [TPS: 20.00] [Ping: 149ms (high stability)] [Client: Unknown] [Location: world 3.16 67.02 -34.66]
(2025-04-23 20:27:47) Test was flagged [Check: SpeedB (Ground)] [Violations: 1/35] [TPS: 20.00] [Ping: 18ms (high stability)] [Client: Unknown] [Location: world -9.27 67.00 -14.30]
(2025-04-23 20:27:48) Test was flagged [Check: SpeedC (Prediction)] [Violations: 13/40] [TPS: 20.00] [Ping: 82ms (high stability)] [Client: Unknown] [Location: world -20.66 67.00 -28.74]
(2025-04-23 20:27:50) Test was flagged [Check: SpeedB (Ground)] [Violations: 26/35] [TPS: 19.99] [Ping: 94ms (high stability)] [Client: Unknown] [Location: world -14.52 67.00 -20.56]
(2025-04-23 20:27:50) Test was punished [Check: SpeedB (Ground)] [Violations: 35/35] [TPS: 19.99]  [Ping: 94ms (high stability)] [Client: Unknown] [Location: world -11.21 67.00 -18.60]
(2025-04-23 20:28:46) Test was flagged [Check: SpeedA (Horizontal)] [Violations: 1/30] [TPS: 20.00] [Ping: 18ms (high stability)] [Client: Unknown] [Location: world 10.70 67.00 -14.30]
(2025-04-23 20:33:29) TrainBoy888 was flagged [Check: VelocityA (AntiKnockback)] [Violations: 1/12] [TPS: 20.00] [Ping: 113ms (high stability)] [Client: Unknown] [Location: world -3.44 67.00 -33.52]
(2025-04-23 20:33:31) TrainBoy888 was flagged [Check: VelocityA (AntiKnockback)] [Violations: 2/12] [TPS: 20.00] [Ping: 113ms (high stability)] [Client: Unknown] [Location: world -5.14 67.00 -34.59]
(2025-04-23 20:33:35) TrainBoy888 was flagged [Check: VelocityA (AntiKnockback)] [Violations: 3/12] [TPS: 20.00] [Ping: 110ms (high stability)] [Client: Unknown] [Location: world -3.53 67.00 -33.43]
(2025-04-23 20:33:37) TrainBoy888 was flagged [Check: VelocityA (AntiKnockback)] [Violations: 4/12] [TPS: 20.00] [Ping: 99ms (high stability)] [Client: Unknown] [Location: world 0.42 67.00 -33.51]
(2025-04-23 20:33:45) TrainBoy888 was flagged [Check: VelocityA (AntiKnockback)] [Violations: 5/12] [TPS: 20.00] [Ping: 102ms (high stability)] [Client: Unknown] [Location: world 5.04 67.00 -25.86]
(2025-04-23 20:33:47) TrainBoy888 was flagged [Check: VelocityA (AntiKnockback)] [Violations: 6/12] [TPS: 20.00] [Ping: 102ms (high stability)] [Client: Unknown] [Location: world 5.92 67.00 -24.09]
(2025-04-23 20:33:50) TrainBoy888 was flagged [Check: VelocityA (AntiKnockback)] [Violations: 7/12] [TPS: 20.00] [Ping: 107ms (high stability)] [Client: Unknown] [Location: world 8.66 67.00 -18.34]
(2025-04-23 20:33:51) TrainBoy888 was flagged [Check: VelocityA (AntiKnockback)] [Violations: 8/12] [TPS: 20.00] [Ping: 105ms (high stability)] [Client: Unknown] [Location: world 7.93 67.00 -20.18]
(2025-04-23 20:33:53) TrainBoy888 was flagged [Check: VelocityA (AntiKnockback)] [Violations: 10/12] [TPS: 20.00] [Ping: 96ms (high stability)] [Client: Unknown] [Location: world 5.85 67.00 -26.84]
(2025-04-23 20:33:54) TrainBoy888 was flagged [Check: VelocityA (AntiKnockback)] [Violations: 11/12] [TPS: 20.00] [Ping: 96ms (high stability)] [Client: Unknown] [Location: world 5.41 67.00 -28.81]
(2025-04-23 20:34:06) TrainBoy888 was flagged [Check: VelocityA (AntiKnockback)] [Violations: 12/12] [TPS: 20.00] [Ping: 102ms (high stability)] [Client: Unknown] [Location: world -5.00 67.00 -37.70]
(2025-04-23 20:34:06) TrainBoy888 was punished [Check: VelocityA (AntiKnockback)] [Violations: 12/12] [TPS: 20.00]  [Ping: 102ms (high stability)] [Client: Unknown] [Location: world -5.00 67.00 -37.70]
(2025-04-23 20:34:59) TrainBoy888 was flagged [Check: VelocityA (AntiKnockback)] [Violations: 1/12] [TPS: 20.00] [Ping: 96ms (high stability)] [Client: Unknown] [Location: world -1.18 67.00 -26.22]
(2025-04-23 20:35:01) TrainBoy888 was flagged [Check: VelocityA (AntiKnockback)] [Violations: 2/12] [TPS: 20.00] [Ping: 96ms (high stability)] [Client: Unknown] [Location: world -3.51 67.00 -30.33]
(2025-04-23 20:35:10) TrainBoy888 was flagged [Check: VelocityA (AntiKnockback)] [Violations: 3/12] [TPS: 20.00] [Ping: 96ms (high stability)] [Client: Unknown] [Location: world -6.03 67.00 -34.49]
(2025-04-23 20:35:12) TrainBoy888 was flagged [Check: VelocityA (AntiKnockback)] [Violations: 4/12] [TPS: 20.00] [Ping: 96ms (high stability)] [Client: Unknown] [Location: world -8.65 67.00 -38.67]
(2025-04-23 20:49:57) DoomGuy was flagged [Check: FlightA (Acceleration)] [Violations: 1/40] [TPS: 20.00] [Ping: 111ms (high stability)] [Client: Unknown] [Location: world 6.02 68.25 -14.51]
(2025-04-23 20:49:58) DoomGuy was flagged [Check: FlightA (Acceleration)] [Violations: 6/40] [TPS: 20.00] [Ping: 111ms (high stability)] [Client: Unknown] [Location: world -1.53 68.17 -10.80]
(2025-04-23 20:49:59) DoomGuy was flagged [Check: VelocityA (AntiKnockback)] [Violations: 1/12] [TPS: 20.00] [Ping: 103ms (high stability)] [Client: Unknown] [Location: world -6.49 67.00 -15.68]
(2025-04-23 20:50:15) DoomGuy was flagged [Check: VelocityA (AntiKnockback)] [Violations: 2/12] [TPS: 20.00] [Ping: 71ms (high stability)] [Client: Unknown] [Location: world -3.79 67.00 -17.62]
(2025-04-23 20:51:50) DoomGuy was flagged [Check: FlightA (Acceleration)] [Violations: 1/40] [TPS: 20.00] [Ping: 74ms (high stability)] [Client: Unknown] [Location: world -7.10 67.42 -22.20]
(2025-04-23 20:58:15) DoomGuy was flagged [Check: VelocityA (AntiKnockback)] [Violations: 1/12] [TPS: 20.00] [Ping: 76ms (high stability)] [Client: Unknown] [Location: world -7.87 67.00 -17.40]
(2025-04-23 20:58:28) DoomGuy was flagged [Check: VelocityA (AntiKnockback)] [Violations: 3/12] [TPS: 20.00] [Ping: 76ms (high stability)] [Client: Unknown] [Location: world -7.87 67.00 -17.40]
(2025-04-23 20:59:06) DoomGuy was flagged [Check: SpeedB (Ground)] [Violations: 1/35] [TPS: 20.00] [Ping: 93ms (high stability)] [Client: Unknown] [Location: world 15.70 67.00 -28.98]
(2025-04-23 20:59:08) DoomGuy was flagged [Check: SpeedA (Horizontal)] [Violations: 3/30] [TPS: 20.00] [Ping: 99ms (high stability)] [Client: Unknown] [Location: world 10.24 67.00 -37.52]
(2025-04-23 20:59:12) DoomGuy was flagged [Check: SpeedB (Ground)] [Violations: 29/35] [TPS: 20.00] [Ping: 76ms (high stability)] [Client: Unknown] [Location: world -14.36 67.00 -27.95]
(2025-04-23 20:59:12) DoomGuy was flagged [Check: SpeedC (Prediction)] [Violations: 1/40] [TPS: 20.00] [Ping: 76ms (high stability)] [Client: Unknown] [Location: world -1.06 67.00 -46.70]
(2025-04-23 20:59:12) DoomGuy was punished [Check: SpeedB (Ground)] [Violations: 35/35] [TPS: 20.00]  [Ping: 76ms (high stability)] [Client: Unknown] [Location: world -1.06 67.00 -46.70]
(2025-04-23 20:59:33) DoomGuy was flagged [Check: FlightB (Height)] [Violations: 1/40] [TPS: 19.98] [Ping: 76ms (high stability)] [Client: Unknown] [Location: world 0.97 71.24 -43.91]
(2025-04-23 20:59:35) DoomGuy was flagged [Check: FlightA (Acceleration)] [Violations: 15/40] [TPS: 19.98] [Ping: 60ms (high stability)] [Client: Unknown] [Location: world 2.60 70.92 -42.00]
(2025-04-23 20:59:36) DoomGuy was flagged [Check: SpeedC (Prediction)] [Violations: 9/40] [TPS: 19.98] [Ping: 76ms (high stability)] [Client: Unknown] [Location: world -2.38 70.92 -45.62]
(2025-04-23 20:59:36) DoomGuy was punished [Check: FlightA (Acceleration)] [Violations: 40/40] [TPS: 19.98]  [Ping: 76ms (high stability)] [Client: Unknown] [Location: world -2.70 70.92 -45.88]
(2025-04-23 21:00:04) DoomGuy was flagged [Check: FlightA (Acceleration)] [Violations: 1/40] [TPS: 20.00] [Ping: 76ms (high stability)] [Client: Unknown] [Location: world 3.22 68.79 -38.42]
(2025-04-23 21:00:05) DoomGuy was flagged [Check: FlightA (Acceleration)] [Violations: 23/40] [TPS: 20.00] [Ping: 76ms (high stability)] [Client: Unknown] [Location: world 6.55 68.79 -41.19]
(2025-04-23 21:00:06) DoomGuy was flagged [Check: FlightA (Acceleration)] [Violations: 34/40] [TPS: 20.00] [Ping: 76ms (high stability)] [Client: Unknown] [Location: world 7.03 68.79 -41.74]
(2025-04-23 21:00:07) DoomGuy was punished [Check: FlightA (Acceleration)] [Violations: 40/40] [TPS: 20.00]  [Ping: 76ms (high stability)] [Client: Unknown] [Location: world 7.06 69.82 -41.79]
(2025-04-23 21:00:16) DoomGuy was flagged [Check: SpeedB (Ground)] [Violations: 1/35] [TPS: 20.00] [Ping: 76ms (high stability)] [Client: Unknown] [Location: world 0.13 67.00 -20.06]
(2025-04-23 21:00:17) DoomGuy was flagged [Check: SpeedB (Ground)] [Violations: 11/35] [TPS: 20.00] [Ping: 76ms (high stability)] [Client: Unknown] [Location: world -2.87 67.00 -16.41]
(2025-04-23 21:00:18) DoomGuy was flagged [Check: SpeedA (Horizontal)] [Violations: 18/30] [TPS: 20.00] [Ping: 11ms (high stability)] [Client: Unknown] [Location: world 10.70 67.00 -44.70]
(2025-04-23 21:00:19) DoomGuy was flagged [Check: SpeedB (Ground)] [Violations: 34/35] [TPS: 20.00] [Ping: 11ms (high stability)] [Client: Unknown] [Location: world 8.43 67.00 -39.27]
(2025-04-23 21:00:19) DoomGuy was punished [Check: SpeedB (Ground)] [Violations: 35/35] [TPS: 20.00]  [Ping: 11ms (high stability)] [Client: Unknown] [Location: world 8.43 67.00 -39.27]
(2025-04-23 21:00:19) DoomGuy was flagged [Check: SpeedB (Ground)] [Violations: 1/35] [TPS: 20.00] [Ping: 11ms (high stability)] [Client: Unknown] [Location: world 8.43 67.00 -39.27]
(2025-04-23 21:28:55) YourAverageIdiot was flagged [Check: VelocityA (AntiKnockback)] [Violations: 1/12] [TPS: 19.97] [Ping: 135ms (high stability)] [Client: Unknown] [Location: world 4.67 67.00 -30.99]
(2025-04-23 21:28:59) YourAverageIdiot was flagged [Check: VelocityA (AntiKnockback)] [Violations: 2/12] [TPS: 20.00] [Ping: 122ms (high stability)] [Client: Unknown] [Location: world -1.05 67.00 -30.38]
(2025-04-23 21:29:01) YourAverageIdiot was flagged [Check: VelocityA (AntiKnockback)] [Violations: 3/12] [TPS: 20.00] [Ping: 109ms (high stability)] [Client: Unknown] [Location: world -1.05 67.00 -32.37]
(2025-04-23 21:29:02) YourAverageIdiot was flagged [Check: VelocityA (AntiKnockback)] [Violations: 4/12] [TPS: 20.00] [Ping: 101ms (high stability)] [Client: Unknown] [Location: world 0.42 67.00 -33.68]
(2025-04-23 21:29:40) YourAverageIdiot was flagged [Check: VelocityA (AntiKnockback)] [Violations: 6/12] [TPS: 20.00] [Ping: 71ms (high stability)] [Client: Unknown] [Location: world -0.14 67.00 -29.55]
(2025-04-23 21:29:53) YourAverageIdiot was flagged [Check: VelocityA (AntiKnockback)] [Violations: 7/12] [TPS: 20.00] [Ping: 71ms (high stability)] [Client: Unknown] [Location: world -0.15 67.00 -24.61]
(2025-04-23 21:29:56) YourAverageIdiot was flagged [Check: VelocityA (AntiKnockback)] [Violations: 8/12] [TPS: 20.00] [Ping: 67ms (high stability)] [Client: Unknown] [Location: world -1.55 67.00 -23.21]
(2025-04-23 21:30:20) DoomGuy was flagged [Check: ReachA (Horizontal)] [Violations: 1/10] [TPS: 20.00] [Ping: 71ms (high stability)] [Client: Unknown] [Location: world 1.97 67.79 -36.70]
(2025-04-23 21:30:21) DoomGuy was flagged [Check: ReachA (Horizontal)] [Violations: 2/10] [TPS: 20.00] [Ping: 71ms (high stability)] [Client: Unknown] [Location: world 0.50 67.00 -35.50]
(2025-04-23 21:30:44) DoomGuy was flagged [Check: FlightB (Height)] [Violations: 1/40] [TPS: 20.00] [Ping: 58ms (high stability)] [Client: Unknown] [Location: world 7.49 69.48 -31.78]
(2025-04-23 21:30:45) DoomGuy was flagged [Check: FlightA (Acceleration)] [Violations: 22/40] [TPS: 20.00] [Ping: 58ms (high stability)] [Client: Unknown] [Location: world 0.16 69.49 -20.80]
(2025-04-23 21:30:46) DoomGuy was punished [Check: FlightB (Height)] [Violations: 40/40] [TPS: 20.00]  [Ping: 56ms (high stability)] [Client: Unknown] [Location: world -2.65 69.49 -20.31]
(2025-04-23 21:30:46) DoomGuy was flagged [Check: FlightB (Height)] [Violations: 1/40] [TPS: 20.00] [Ping: 56ms (high stability)] [Client: Unknown] [Location: world -2.65 69.49 -20.31]
(2025-04-23 23:47:03) Test was flagged [Check: FlightB (Height)] [Violations: 1/40] [TPS: 20.00] [Ping: 70ms (high stability)] [Client: Unknown] [Location: world 5.77 69.81 -32.40]
(2025-04-23 23:47:06) Test was flagged [Check: FlightA (Acceleration)] [Violations: 1/40] [TPS: 20.00] [Ping: 73ms (high stability)] [Client: Unknown] [Location: world 5.77 71.14 -32.40]
(2025-04-23 23:49:32) Test was flagged [Check: FlightB (Height)] [Violations: 1/40] [TPS: 20.00] [Ping: 316ms (high stability)] [Client: Unknown] [Location: world -1.56 70.51 -34.23]
