(2025-04-25 01:21:11) fjt was flagged [Check: FlightB (Height)] [Violations: 1/40] [TPS: 19.98] [Ping: 88ms (high stability)] [Client: Unknown] [Location: world -9.00 70.63 -34.02]
(2025-04-25 01:21:12) fjt was flagged [Check: FlightB (Height)] [Violations: 19/40] [TPS: 19.98] [Ping: 93ms (high stability)] [Client: Unknown] [Location: world -18.57 72.68 -35.61]
(2025-04-25 01:21:13) fjt was punished [Check: FlightB (Height)] [Violations: 40/40] [TPS: 19.98]  [Ping: 93ms (high stability)] [Client: Unknown] [Location: world -20.60 72.68 -36.10]
(2025-04-25 02:10:35) fjtf was flagged [Check: FlightA (Acceleration)] [Violations: 1/40] [TPS: 20.00] [Ping: 103ms (high stability)] [Client: Unknown] [Location: world -17.76 68.00 -37.50]
(2025-04-25 02:10:39) fjtf was flagged [Check: FlightB (Height)] [Violations: 1/40] [TPS: 19.98] [Ping: 89ms (high stability)] [Client: Unknown] [Location: world -15.03 70.13 -25.23]
(2025-04-25 02:10:40) fjtf was flagged [Check: FlightB (Height)] [Violations: 19/40] [TPS: 19.98] [Ping: 96ms (high stability)] [Client: Unknown] [Location: world -0.12 70.63 -16.05]
(2025-04-25 02:10:59) fjtf was flagged [Check: FlightA (Acceleration)] [Violations: 27/40] [TPS: 20.00] [Ping: 79ms (high stability)] [Client: Unknown] [Location: world 6.25 68.25 -19.26]
(2025-04-25 19:40:54) fjtf was flagged [Check: VelocityA (AntiKnockback)] [Violations: 1/12] [TPS: 19.96] [Ping: 85ms (high stability)] [Client: Unknown] [Location: world 12.39 67.00 -39.45]
(2025-04-25 19:43:09) fjtf was flagged [Check: VelocityA (AntiKnockback)] [Violations: 1/12] [TPS: 20.00] [Ping: 85ms (high stability)] [Client: Unknown] [Location: world -7.70 67.00 -35.06]
(2025-04-25 19:43:35) fjtf was flagged [Check: VelocityA (AntiKnockback)] [Violations: 2/12] [TPS: 19.98] [Ping: 75ms (high stability)] [Client: Unknown] [Location: world -9.19 67.00 -41.81]
(2025-04-25 19:43:38) fjtf was flagged [Check: VelocityA (AntiKnockback)] [Violations: 3/12] [TPS: 20.00] [Ping: 85ms (high stability)] [Client: Unknown] [Location: world -9.59 67.00 -43.76]
(2025-04-25 19:52:02) fjtf was flagged [Check: FlightB (Height)] [Violations: 1/40] [TPS: 20.00] [Ping: 68ms (high stability)] [Client: Unknown] [Location: world -8.60 70.19 -29.08]
(2025-04-25 19:52:03) fjtf was flagged [Check: FlightB (Height)] [Violations: 18/40] [TPS: 20.00] [Ping: 68ms (high stability)] [Client: Unknown] [Location: world -5.90 71.12 -30.28]
(2025-04-25 19:52:04) fjtf was flagged [Check: FlightA (Acceleration)] [Violations: 22/40] [TPS: 20.00] [Ping: 120ms (high stability)] [Client: Unknown] [Location: world -5.48 71.12 -30.47]
(2025-04-25 19:52:05) fjtf was flagged [Check: FlightA (Acceleration)] [Violations: 23/40] [TPS: 20.00] [Ping: 111ms (high stability)] [Client: Unknown] [Location: world -5.24 71.12 -30.58]
(2025-04-25 19:52:10) fjtf was flagged [Check: FlightB (Height)] [Violations: 34/40] [TPS: 20.00] [Ping: 68ms (high stability)] [Client: Unknown] [Location: world -2.57 71.27 -32.00]
(2025-04-25 19:52:10) fjtf was punished [Check: FlightB (Height)] [Violations: 40/40] [TPS: 20.00]  [Ping: 68ms (high stability)] [Client: Unknown] [Location: world -2.57 71.27 -32.00]
(2025-04-25 19:54:40) fjtf was flagged [Check: FlightA (Acceleration)] [Violations: 1/5] [TPS: 20.00] [Ping: 75ms (high stability)] [Client: Unknown] [Location: world 3.20 68.13 -30.81]
(2025-04-25 19:54:41) fjtf was punished [Check: FlightA (Acceleration)] [Violations: 5/5] [TPS: 20.00]  [Ping: 75ms (high stability)] [Client: Unknown] [Location: world 5.05 69.46 -30.43]
(2025-04-25 19:56:46) fjtf was flagged [Check: FlightA (Acceleration)] [Violations: 1/1] [TPS: 20.00] [Ping: 54ms (high stability)] [Client: Unknown] [Location: world 8.70 68.11 -29.70]
(2025-04-25 19:56:46) fjtf was flagged [Check: FlightA (Acceleration)] [Violations: 1/1] [TPS: 20.00] [Ping: 54ms (high stability)] [Client: Unknown] [Location: world 8.70 68.11 -29.70]
(2025-04-25 19:56:46) fjtf was punished [Check: FlightA (Acceleration)] [Violations: 1/1] [TPS: 20.00]  [Ping: 54ms (high stability)] [Client: Unknown] [Location: world 8.70 68.11 -29.70]
(2025-04-25 19:56:46) fjtf was punished [Check: FlightA (Acceleration)] [Violations: 1/1] [TPS: 20.00]  [Ping: 54ms (high stability)] [Client: Unknown] [Location: world 8.70 68.11 -29.70]
(2025-04-25 19:58:29) fjtf was punished [Check: FlightB (Height)] [Violations: 1/1] [TPS: 19.99]  [Ping: 77ms (high stability)] [Client: Unknown] [Location: world 11.14 70.35 -29.02]
(2025-04-25 19:58:29) fjtf was flagged [Check: FlightB (Height)] [Violations: 1/1] [TPS: 19.99] [Ping: 77ms (high stability)] [Client: Unknown] [Location: world 11.14 70.35 -29.02]
(2025-04-25 19:58:29) fjtf was punished [Check: FlightB (Height)] [Violations: 1/1] [TPS: 19.99]  [Ping: 77ms (high stability)] [Client: Unknown] [Location: world 11.14 70.35 -29.02]
(2025-04-25 19:58:29) fjtf was flagged [Check: FlightB (Height)] [Violations: 1/1] [TPS: 19.99] [Ping: 77ms (high stability)] [Client: Unknown] [Location: world 11.14 70.35 -29.02]
(2025-04-25 20:04:28) fjtf was flagged [Check: FlightA (Acceleration)] [Violations: 1/1] [TPS: 19.98] [Ping: 83ms (high stability)] [Client: Unknown] [Location: world 15.27 68.49 -27.23]
(2025-04-25 20:04:28) fjtf was punished [Check: FlightA (Acceleration)] [Violations: 1/1] [TPS: 19.98]  [Ping: 83ms (high stability)] [Client: Unknown] [Location: world 15.27 68.49 -27.23]
(2025-04-25 20:04:28) fjtf was punished [Check: FlightA (Acceleration)] [Violations: 1/1] [TPS: 19.98]  [Ping: 83ms (high stability)] [Client: Unknown] [Location: world 15.27 68.49 -27.23]
(2025-04-25 20:04:28) fjtf was flagged [Check: FlightA (Acceleration)] [Violations: 1/1] [TPS: 19.98] [Ping: 83ms (high stability)] [Client: Unknown] [Location: world 15.27 68.49 -27.23]
